<?xml version="1.0" encoding="UTF-8"?>
<!-- Generated by org.testng.reporters.JUnitReportReporter -->
<testsuite hostname="WKWIN6340580" name="MavenJenkins.TC001" tests="1" failures="0" timestamp="15 Jan 2020 13:28:52 GMT" time="10.629" errors="0">
  <testcase name="DriverTestCase" time="10.629" classname="MavenJenkins.TC001"/>
</testsuite> <!-- MavenJenkins.TC001 -->
