<?xml version="1.0" encoding="UTF-8"?>
<!-- Generated by org.testng.reporters.JUnitReportReporter -->
<testsuite hostname="WKWIN6340580" name="MavenJenkins.TC003" tests="1" failures="0" timestamp="15 Jan 2020 13:28:52 GMT" time="8.834" errors="0">
  <testcase name="DriverTestCase" time="8.834" classname="MavenJenkins.TC003"/>
</testsuite> <!-- MavenJenkins.TC003 -->
